<?xml version="1.0" encoding="UTF-8"?>
<testsuite name="tranki.LearnerSpec" tests="3" skipped="0" failures="0" errors="0" timestamp="2023-07-28T01:15:41" hostname="lauty-aer" time="0.033">
  <properties/>
  <testcase name="learner can create deck when decks amount is less than max allowed per level" classname="tranki.LearnerSpec" time="0.017"/>
  <testcase name="learner can create a card when having at least a deck created" classname="tranki.LearnerSpec" time="0.014"/>
  <testcase name="learner can change card difficulty if level is not noob" classname="tranki.LearnerSpec" time="0.001"/>
  <system-out><![CDATA[Total cards: 1
Total cards: 2
Total cards: 3
Total cards: 4
Total cards: 5
Total cards: 6
Total cards: 7
Total cards: 8
Total cards: 9
Total cards: 10
Cambio de nivel!
Total cards: 1
]]></system-out>
  <system-err><![CDATA[]]></system-err>
</testsuite>
