<?xml version="1.0" encoding="UTF-8"?>
<testsuite name="tranki.LearnerSpec" tests="2" skipped="0" failures="0" errors="0" timestamp="2023-05-29T22:52:07" hostname="lauty-aer" time="0.135">
  <properties/>
  <testcase name="learner can create deck when decks amount is less than max allowed" classname="tranki.LearnerSpec" time="0.131"/>
  <testcase name="learner can create a card when having at least a deck created" classname="tranki.LearnerSpec" time="0.004"/>
  <system-out><![CDATA[]]></system-out>
  <system-err><![CDATA[]]></system-err>
</testsuite>
