<?xml version="1.0" encoding="UTF-8"?>
<testsuite name="tranki.DeckSpec" tests="1" skipped="0" failures="0" errors="0" timestamp="2023-05-29T16:37:49" hostname="lauty-aer" time="0.001">
  <properties/>
  <testcase name="test something" classname="tranki.DeckSpec" time="0.001"/>
  <system-out><![CDATA[]]></system-out>
  <system-err><![CDATA[]]></system-err>
</testsuite>
