<?xml version="1.0" encoding="UTF-8"?>
<testsuite name="tranki.LearnerServiceSpec" tests="1" skipped="0" failures="0" errors="0" timestamp="2023-07-28T01:15:39" hostname="lauty-aer" time="0.003">
  <properties/>
  <testcase name="test something" classname="tranki.LearnerServiceSpec" time="0.003"/>
  <system-out><![CDATA[]]></system-out>
  <system-err><![CDATA[]]></system-err>
</testsuite>
