<?xml version="1.0" encoding="UTF-8"?>
<testsuite name="tranki.DeckServiceSpec" tests="1" skipped="0" failures="0" errors="0" timestamp="2023-07-21T21:18:38" hostname="lauty-aer" time="0.0">
  <properties/>
  <testcase name="test something" classname="tranki.DeckServiceSpec" time="0.0"/>
  <system-out><![CDATA[]]></system-out>
  <system-err><![CDATA[]]></system-err>
</testsuite>
