<?xml version="1.0" encoding="UTF-8"?>
<testsuite name="tranki.StatsSpec" tests="2" skipped="0" failures="0" errors="0" timestamp="2023-07-28T01:15:41" hostname="lauty-aer" time="0.005">
  <properties/>
  <testcase name="stats are all zero for a learner with no decks" classname="tranki.StatsSpec" time="0.002"/>
  <testcase name="stats are not zero for a learnar with decks" classname="tranki.StatsSpec" time="0.003"/>
  <system-out><![CDATA[Total cards: 1
]]></system-out>
  <system-err><![CDATA[]]></system-err>
</testsuite>
